Using pre-set license
Built from '2022.1/staging' branch; Version is '2022.1.4f1 (76dd1f94b339) revision 7789855'; Using compiler version '192829333'; Build Type 'Release'
OS: 'Windows 10  (10.0.19044) 64bit Enterprise' Language: 'en' Physical Memory: 32512 MB
BatchMode: 1, IsHumanControllingUs: 0, StartBugReporterOnCrash: 0, Is64bit: 1, IsPro: 1

COMMAND LINE ARGUMENTS:
C:\Program Files\Unity 2022.1.4f1\Editor\Unity.exe
-adb2
-batchMode
-noUpm
-name
AssetImportWorker2
-projectPath
C:/Users/b019105l/Documents/GitHub/TryNotToDieInTheMaze/TryNotToDieInTheMaze
-logFile
Logs/AssetImportWorker2.log
-srvPort
53001
Successfully changed project path to: C:/Users/b019105l/Documents/GitHub/TryNotToDieInTheMaze/TryNotToDieInTheMaze
C:/Users/b019105l/Documents/GitHub/TryNotToDieInTheMaze/TryNotToDieInTheMaze
[UnityMemory] Configuration Parameters - Can be set up in boot.config
    "memorysetup-bucket-allocator-granularity=16"
    "memorysetup-bucket-allocator-bucket-count=8"
    "memorysetup-bucket-allocator-block-size=33554432"
    "memorysetup-bucket-allocator-block-count=8"
    "memorysetup-main-allocator-block-size=16777216"
    "memorysetup-thread-allocator-block-size=16777216"
    "memorysetup-gfx-main-allocator-block-size=16777216"
    "memorysetup-gfx-thread-allocator-block-size=16777216"
    "memorysetup-cache-allocator-block-size=4194304"
    "memorysetup-typetree-allocator-block-size=2097152"
    "memorysetup-profiler-bucket-allocator-granularity=16"
    "memorysetup-profiler-bucket-allocator-bucket-count=8"
    "memorysetup-profiler-bucket-allocator-block-size=33554432"
    "memorysetup-profiler-bucket-allocator-block-count=8"
    "memorysetup-profiler-allocator-block-size=16777216"
    "memorysetup-profiler-editor-allocator-block-size=1048576"
    "memorysetup-temp-allocator-size-main=16777216"
    "memorysetup-job-temp-allocator-block-size=2097152"
    "memorysetup-job-temp-allocator-block-size-background=1048576"
    "memorysetup-job-temp-allocator-reduction-small-platforms=262144"
    "memorysetup-temp-allocator-size-background-worker=32768"
    "memorysetup-temp-allocator-size-job-worker=262144"
    "memorysetup-temp-allocator-size-preload-manager=33554432"
    "memorysetup-temp-allocator-size-nav-mesh-worker=65536"
    "memorysetup-temp-allocator-size-audio-worker=65536"
    "memorysetup-temp-allocator-size-cloud-worker=32768"
    "memorysetup-temp-allocator-size-gi-baking-worker=262144"
    "memorysetup-temp-allocator-size-gfx=262144"
Refreshing native plugins compatible for Editor in 86.27 ms, found 3 plugins.
Preloading 0 native plugins for Editor in 0.00 ms.
Initialize engine version: 2022.1.4f1 (76dd1f94b339)
[Subsystems] Discovering subsystems at path C:/Program Files/Unity 2022.1.4f1/Editor/Data/Resources/UnitySubsystems
[Subsystems] Discovering subsystems at path C:/Users/b019105l/Documents/GitHub/TryNotToDieInTheMaze/TryNotToDieInTheMaze/Assets
GfxDevice: creating device client; threaded=0; jobified=0
Direct3D:
    Version:  Direct3D 11.0 [level 11.1]
    Renderer: NVIDIA GeForce RTX 3080 (ID=0x2206)
    Vendor:   NVIDIA
    VRAM:     10078 MB
    Driver:   31.0.15.1694
Initialize mono
Mono path[0] = 'C:/Program Files/Unity 2022.1.4f1/Editor/Data/Managed'
Mono path[1] = 'C:/Program Files/Unity 2022.1.4f1/Editor/Data/MonoBleedingEdge/lib/mono/unityjit-win32'
Mono config path = 'C:/Program Files/Unity 2022.1.4f1/Editor/Data/MonoBleedingEdge/etc'
Using monoOptions --debugger-agent=transport=dt_socket,embedding=1,server=y,suspend=n,address=127.0.0.1:56100
Begin MonoManager ReloadAssembly
Registering precompiled unity dll's ...
Register platform support module: C:/Program Files/Unity 2022.1.4f1/Editor/Data/PlaybackEngines/WebGLSupport/UnityEditor.WebGL.Extensions.dll
Register platform support module: C:/Program Files/Unity 2022.1.4f1/Editor/Data/PlaybackEngines/AndroidPlayer/UnityEditor.Android.Extensions.dll
Register platform support module: C:/Program Files/Unity 2022.1.4f1/Editor/Data/PlaybackEngines/WindowsStandaloneSupport/UnityEditor.WindowsStandalone.Extensions.dll
Registered in 0.005022 seconds.
Native extension for WindowsStandalone target not found
Native extension for Android target not found
Native extension for WebGL target not found
Refreshing native plugins compatible for Editor in 96.11 ms, found 3 plugins.
Preloading 0 native plugins for Editor in 0.00 ms.
Mono: successfully reloaded assembly
- Completed reload, in  0.641 seconds
Domain Reload Profiling:
	ReloadAssembly (641ms)
		BeginReloadAssembly (62ms)
			ExecutionOrderSort (0ms)
			DisableScriptedObjects (0ms)
			BackupInstance (0ms)
			ReleaseScriptingObjects (0ms)
			CreateAndSetChildDomain (1ms)
		EndReloadAssembly (481ms)
			LoadAssemblies (61ms)
			RebuildTransferFunctionScriptingTraits (0ms)
			SetupTypeCache (117ms)
				TypeCache.Initialize (117ms)
					TypeCache.ScanAssembly (115ms)
				ResolveRequiredComponents (0ms)
			ReleaseScriptCaches (0ms)
			RebuildScriptCaches (25ms)
			SetupLoadedEditorAssemblies (288ms)
				LogAssemblyErrors (0ms)
				InitializePlatformSupportModulesInManaged (39ms)
				SetLoadedEditorAssemblies (6ms)
				RefreshPlugins (96ms)
				BeforeProcessingInitializeOnLoad (1ms)
				ProcessInitializeOnLoadAttributes (105ms)
				ProcessInitializeOnLoadMethodAttributes (40ms)
				AfterProcessingInitializeOnLoad (0ms)
				EditorAssembliesLoaded (0ms)
			ExecutionOrderSort2 (0ms)
			AwakeInstancesAfterBackupRestoration (0ms)
Platform modules already initialized, skipping
Registering precompiled user dll's ...
Registered in 0.006622 seconds.
Begin MonoManager ReloadAssembly
Symbol file LoadedFromMemory doesn't match image C:\Users\b019105l\Documents\GitHub\TryNotToDieInTheMaze\TryNotToDieInTheMaze\Library\PackageCache\com.unity.visualscripting@1.7.8\Editor\VisualScripting.Core\Dependencies\YamlDotNet\Unity.VisualScripting.YamlDotNet.dll
Symbol file LoadedFromMemory doesn't match image C:\Users\b019105l\Documents\GitHub\TryNotToDieInTheMaze\TryNotToDieInTheMaze\Library\PackageCache\com.unity.visualscripting@1.7.8\Editor\VisualScripting.Core\Dependencies\DotNetZip\Unity.VisualScripting.IonicZip.dll
Native extension for WindowsStandalone target not found
Native extension for Android target not found
Native extension for WebGL target not found
Refreshing native plugins compatible for Editor in 78.43 ms, found 3 plugins.
Preloading 0 native plugins for Editor in 0.00 ms.
Mono: successfully reloaded assembly
- Completed reload, in  0.907 seconds
Domain Reload Profiling:
	ReloadAssembly (908ms)
		BeginReloadAssembly (77ms)
			ExecutionOrderSort (0ms)
			DisableScriptedObjects (3ms)
			BackupInstance (0ms)
			ReleaseScriptingObjects (0ms)
			CreateAndSetChildDomain (14ms)
		EndReloadAssembly (752ms)
			LoadAssemblies (60ms)
			RebuildTransferFunctionScriptingTraits (0ms)
			SetupTypeCache (208ms)
				TypeCache.Initialize (200ms)
					TypeCache.ScanAssembly (197ms)
				ResolveRequiredComponents (8ms)
			ReleaseScriptCaches (1ms)
			RebuildScriptCaches (39ms)
			SetupLoadedEditorAssemblies (410ms)
				LogAssemblyErrors (0ms)
				InitializePlatformSupportModulesInManaged (9ms)
				SetLoadedEditorAssemblies (4ms)
				RefreshPlugins (78ms)
				BeforeProcessingInitializeOnLoad (74ms)
				ProcessInitializeOnLoadAttributes (183ms)
				ProcessInitializeOnLoadMethodAttributes (57ms)
				AfterProcessingInitializeOnLoad (5ms)
				EditorAssembliesLoaded (0ms)
			ExecutionOrderSort2 (0ms)
			AwakeInstancesAfterBackupRestoration (3ms)
Platform modules already initialized, skipping
========================================================================
Worker process is ready to serve import requests
Launched and connected shader compiler UnityShaderCompiler.exe after 0.03 seconds
Refreshing native plugins compatible for Editor in 1.09 ms, found 3 plugins.
Preloading 0 native plugins for Editor in 0.00 ms.
Unloading 5093 Unused Serialized files (Serialized files now loaded: 0)
Unloading 31 unused Assets / (349.4 KB). Loaded Objects now: 5551.
Memory consumption went from 0.79 GB to 0.79 GB.
Total: 3.496300 ms (FindLiveObjects: 0.375000 ms CreateObjectMapping: 0.243300 ms MarkObjects: 2.716900 ms  DeleteObjects: 0.160100 ms)

AssetImportParameters requested are different than current active one (requested -> active):
  custom:video-decoder-ogg-theora: a1e56fd34408186e4bbccfd4996cb3dc -> 
  custom:container-muxer-webm: aa71ff27fc2769a1b78a27578f13a17b -> 
  custom:container-demuxer-webm: 4f35f7cbe854078d1ac9338744f61a02 -> 
  custom:video-encoder-webm-vp8: eb34c28f22e8b96e1ab97ce403110664 -> 
  custom:audio-encoder-webm-vorbis: bf7c407c2cedff20999df2af8eb42d56 -> 
  custom:framework-win-MediaFoundation: 216162199b28c13a410421893ffa2e32 -> 
  custom:container-demuxer-ogg: 62fdf1f143b41e24485cea50d1cbac27 -> 
  custom:video-decoder-webm-vp8: 9c59270c3fd7afecdb556c50c9e8de78 -> 
  custom:audio-decoder-ogg-vorbis: bf7c407c2cedff20999df2af8eb42d56 -> 
========================================================================
Received Import Request.
  Time since last request: 29337.168561 seconds.
  path: Assets/Prefabs/Wall.prefab
  artifactKey: Guid(1bf14811308446b46a5d960be87d9246) Importer(815301076,1909f56bfc062723c751e8b465ee728b)
Start importing Assets/Prefabs/Wall.prefab using Guid(1bf14811308446b46a5d960be87d9246) Importer(815301076,1909f56bfc062723c751e8b465ee728b)  -> (artifact id: 'fc7b62b9308ea92317305199a6d38e9d') in 0.197347 seconds 
========================================================================
Received Import Request.
  Time since last request: 4.862432 seconds.
  path: Assets/Prefabs/Wall.prefab
  artifactKey: Guid(1bf14811308446b46a5d960be87d9246) Importer(815301076,1909f56bfc062723c751e8b465ee728b)
Start importing Assets/Prefabs/Wall.prefab using Guid(1bf14811308446b46a5d960be87d9246) Importer(815301076,1909f56bfc062723c751e8b465ee728b)  -> (artifact id: '367f5521d8fa7bec425fae58dfe3cbea') in 0.014391 seconds 
========================================================================
Received Prepare
Registering precompiled user dll's ...
Registered in 0.007398 seconds.
Begin MonoManager ReloadAssembly
Symbol file LoadedFromMemory doesn't match image C:\Users\b019105l\Documents\GitHub\TryNotToDieInTheMaze\TryNotToDieInTheMaze\Library\PackageCache\com.unity.visualscripting@1.7.8\Editor\VisualScripting.Core\Dependencies\YamlDotNet\Unity.VisualScripting.YamlDotNet.dll
Symbol file LoadedFromMemory doesn't match image C:\Users\b019105l\Documents\GitHub\TryNotToDieInTheMaze\TryNotToDieInTheMaze\Library\PackageCache\com.unity.visualscripting@1.7.8\Editor\VisualScripting.Core\Dependencies\DotNetZip\Unity.VisualScripting.IonicZip.dll
Native extension for WindowsStandalone target not found
Native extension for Android target not found
Native extension for WebGL target not found
Refreshing native plugins compatible for Editor in 0.69 ms, found 3 plugins.
Preloading 0 native plugins for Editor in 0.00 ms.
Mono: successfully reloaded assembly
- Completed reload, in  0.958 seconds
Domain Reload Profiling:
	ReloadAssembly (958ms)
		BeginReloadAssembly (125ms)
			ExecutionOrderSort (0ms)
			DisableScriptedObjects (6ms)
			BackupInstance (0ms)
			ReleaseScriptingObjects (0ms)
			CreateAndSetChildDomain (44ms)
		EndReloadAssembly (754ms)
			LoadAssemblies (69ms)
			RebuildTransferFunctionScriptingTraits (0ms)
			SetupTypeCache (230ms)
				TypeCache.Initialize (221ms)
					TypeCache.ScanAssembly (216ms)
				ResolveRequiredComponents (9ms)
			ReleaseScriptCaches (2ms)
			RebuildScriptCaches (38ms)
			SetupLoadedEditorAssemblies (340ms)
				LogAssemblyErrors (0ms)
				InitializePlatformSupportModulesInManaged (19ms)
				SetLoadedEditorAssemblies (5ms)
				RefreshPlugins (1ms)
				BeforeProcessingInitializeOnLoad (63ms)
				ProcessInitializeOnLoadAttributes (183ms)
				ProcessInitializeOnLoadMethodAttributes (64ms)
				AfterProcessingInitializeOnLoad (6ms)
				EditorAssembliesLoaded (0ms)
			ExecutionOrderSort2 (0ms)
			AwakeInstancesAfterBackupRestoration (18ms)
Platform modules already initialized, skipping
Refreshing native plugins compatible for Editor in 1.62 ms, found 3 plugins.
Preloading 0 native plugins for Editor in 0.00 ms.
Unloading 4946 Unused Serialized files (Serialized files now loaded: 0)
Unloading 24 unused Assets / (309.8 KB). Loaded Objects now: 5609.
Memory consumption went from 0.77 GB to 0.77 GB.
Total: 2.702400 ms (FindLiveObjects: 0.295300 ms CreateObjectMapping: 0.189800 ms MarkObjects: 2.155600 ms  DeleteObjects: 0.060700 ms)

AssetImportParameters requested are different than current active one (requested -> active):
  custom:video-decoder-ogg-theora: a1e56fd34408186e4bbccfd4996cb3dc -> 
  custom:container-muxer-webm: aa71ff27fc2769a1b78a27578f13a17b -> 
  custom:container-demuxer-webm: 4f35f7cbe854078d1ac9338744f61a02 -> 
  custom:video-encoder-webm-vp8: eb34c28f22e8b96e1ab97ce403110664 -> 
  custom:audio-encoder-webm-vorbis: bf7c407c2cedff20999df2af8eb42d56 -> 
  custom:framework-win-MediaFoundation: 216162199b28c13a410421893ffa2e32 -> 
  custom:container-demuxer-ogg: 62fdf1f143b41e24485cea50d1cbac27 -> 
  custom:video-decoder-webm-vp8: 9c59270c3fd7afecdb556c50c9e8de78 -> 
  custom:audio-decoder-ogg-vorbis: bf7c407c2cedff20999df2af8eb42d56 -> 
========================================================================
Received Import Request.
  Time since last request: 426.798331 seconds.
  path: Assets/Prefabs/Teleporter.prefab
  artifactKey: Guid(d3ef94c99a89c0a44a9416f85735167e) Importer(815301076,1909f56bfc062723c751e8b465ee728b)
Start importing Assets/Prefabs/Teleporter.prefab using Guid(d3ef94c99a89c0a44a9416f85735167e) Importer(815301076,1909f56bfc062723c751e8b465ee728b)  -> (artifact id: '9c584b9935071b2efd60b3e3481d2948') in 0.277170 seconds 
========================================================================
Received Import Request.
  Time since last request: 25.193555 seconds.
  path: Assets/Prefabs/Teleporter.prefab
  artifactKey: Guid(d3ef94c99a89c0a44a9416f85735167e) Importer(815301076,1909f56bfc062723c751e8b465ee728b)
Start importing Assets/Prefabs/Teleporter.prefab using Guid(d3ef94c99a89c0a44a9416f85735167e) Importer(815301076,1909f56bfc062723c751e8b465ee728b)  -> (artifact id: '53dedad2f4da52bdec72a5efb861fb1c') in 0.012648 seconds 
========================================================================
Received Import Request.
  Time since last request: 52.795430 seconds.
  path: Assets/Prefabs/Teleporter.prefab
  artifactKey: Guid(d3ef94c99a89c0a44a9416f85735167e) Importer(815301076,1909f56bfc062723c751e8b465ee728b)
Start importing Assets/Prefabs/Teleporter.prefab using Guid(d3ef94c99a89c0a44a9416f85735167e) Importer(815301076,1909f56bfc062723c751e8b465ee728b)  -> (artifact id: '1b16f6ff071d7cc91d9f3ef3b6dce41f') in 0.011662 seconds 
========================================================================
Received Import Request.
  Time since last request: 15.868115 seconds.
  path: Assets/Prefabs/Teleporter.prefab
  artifactKey: Guid(d3ef94c99a89c0a44a9416f85735167e) Importer(815301076,1909f56bfc062723c751e8b465ee728b)
Start importing Assets/Prefabs/Teleporter.prefab using Guid(d3ef94c99a89c0a44a9416f85735167e) Importer(815301076,1909f56bfc062723c751e8b465ee728b)  -> (artifact id: '6b78cd6ede1fa1242da5161bfddbe587') in 0.011177 seconds 
========================================================================
Received Import Request.
  Time since last request: 11.429099 seconds.
  path: Assets/Prefabs/Teleporter.prefab
  artifactKey: Guid(d3ef94c99a89c0a44a9416f85735167e) Importer(815301076,1909f56bfc062723c751e8b465ee728b)
Start importing Assets/Prefabs/Teleporter.prefab using Guid(d3ef94c99a89c0a44a9416f85735167e) Importer(815301076,1909f56bfc062723c751e8b465ee728b)  -> (artifact id: 'd80526d36907ea79e71e449d9a95d79a') in 0.019386 seconds 
========================================================================
Received Import Request.
  Time since last request: 9.483572 seconds.
  path: Assets/Prefabs/Teleporter.prefab
  artifactKey: Guid(d3ef94c99a89c0a44a9416f85735167e) Importer(815301076,1909f56bfc062723c751e8b465ee728b)
Start importing Assets/Prefabs/Teleporter.prefab using Guid(d3ef94c99a89c0a44a9416f85735167e) Importer(815301076,1909f56bfc062723c751e8b465ee728b)  -> (artifact id: 'b9bd06e5d95b777d292bb0e7936c4981') in 0.013253 seconds 
========================================================================
Received Import Request.
  Time since last request: 8.555696 seconds.
  path: Assets/Prefabs/Teleporter.prefab
  artifactKey: Guid(d3ef94c99a89c0a44a9416f85735167e) Importer(815301076,1909f56bfc062723c751e8b465ee728b)
Start importing Assets/Prefabs/Teleporter.prefab using Guid(d3ef94c99a89c0a44a9416f85735167e) Importer(815301076,1909f56bfc062723c751e8b465ee728b)  -> (artifact id: '154f167feb715cfdc366b8ee8f47cd4e') in 0.012369 seconds 
========================================================================
Received Import Request.
  Time since last request: 3.220467 seconds.
  path: Assets/Prefabs/Teleporter.prefab
  artifactKey: Guid(d3ef94c99a89c0a44a9416f85735167e) Importer(815301076,1909f56bfc062723c751e8b465ee728b)
Start importing Assets/Prefabs/Teleporter.prefab using Guid(d3ef94c99a89c0a44a9416f85735167e) Importer(815301076,1909f56bfc062723c751e8b465ee728b)  -> (artifact id: '154b316ae9e41295a18a684c7f177c52') in 0.012658 seconds 
========================================================================
Received Import Request.
  Time since last request: 2.807334 seconds.
  path: Assets/Prefabs/Teleporter.prefab
  artifactKey: Guid(d3ef94c99a89c0a44a9416f85735167e) Importer(815301076,1909f56bfc062723c751e8b465ee728b)
Start importing Assets/Prefabs/Teleporter.prefab using Guid(d3ef94c99a89c0a44a9416f85735167e) Importer(815301076,1909f56bfc062723c751e8b465ee728b)  -> (artifact id: '63167a207d2372a707f6148be2e58962') in 0.010528 seconds 
========================================================================
Received Import Request.
  Time since last request: 13.451419 seconds.
  path: Assets/Prefabs/Teleporter.prefab
  artifactKey: Guid(d3ef94c99a89c0a44a9416f85735167e) Importer(815301076,1909f56bfc062723c751e8b465ee728b)
Start importing Assets/Prefabs/Teleporter.prefab using Guid(d3ef94c99a89c0a44a9416f85735167e) Importer(815301076,1909f56bfc062723c751e8b465ee728b)  -> (artifact id: '697651592178fbccd34d9a1c7d18ef46') in 0.012233 seconds 
========================================================================
Received Import Request.
  Time since last request: 5.356321 seconds.
  path: Assets/Prefabs/Teleporter.prefab
  artifactKey: Guid(d3ef94c99a89c0a44a9416f85735167e) Importer(815301076,1909f56bfc062723c751e8b465ee728b)
Start importing Assets/Prefabs/Teleporter.prefab using Guid(d3ef94c99a89c0a44a9416f85735167e) Importer(815301076,1909f56bfc062723c751e8b465ee728b)  -> (artifact id: '1292d5e67f1c123579e1781e62dd3a77') in 0.010415 seconds 
========================================================================
Received Import Request.
  Time since last request: 16.645560 seconds.
  path: Assets/Prefabs/Teleporter.prefab
  artifactKey: Guid(d3ef94c99a89c0a44a9416f85735167e) Importer(815301076,1909f56bfc062723c751e8b465ee728b)
Start importing Assets/Prefabs/Teleporter.prefab using Guid(d3ef94c99a89c0a44a9416f85735167e) Importer(815301076,1909f56bfc062723c751e8b465ee728b)  -> (artifact id: 'f060762d5f6591eb6d94f66b6e85a8dd') in 0.012060 seconds 
========================================================================
Received Import Request.
  Time since last request: 19.163077 seconds.
  path: Assets/Prefabs/Teleporter.prefab
  artifactKey: Guid(d3ef94c99a89c0a44a9416f85735167e) Importer(815301076,1909f56bfc062723c751e8b465ee728b)
Start importing Assets/Prefabs/Teleporter.prefab using Guid(d3ef94c99a89c0a44a9416f85735167e) Importer(815301076,1909f56bfc062723c751e8b465ee728b)  -> (artifact id: '8e6f370d32328fb28f2ba44452724e1d') in 0.015533 seconds 
========================================================================
Received Import Request.
  Time since last request: 5.071663 seconds.
  path: Assets/Prefabs/Teleporter.prefab
  artifactKey: Guid(d3ef94c99a89c0a44a9416f85735167e) Importer(815301076,1909f56bfc062723c751e8b465ee728b)
Start importing Assets/Prefabs/Teleporter.prefab using Guid(d3ef94c99a89c0a44a9416f85735167e) Importer(815301076,1909f56bfc062723c751e8b465ee728b)  -> (artifact id: '44663eaf4f05f6df51449f6dc0eee21c') in 0.010117 seconds 
========================================================================
Received Import Request.
  Time since last request: 14.086082 seconds.
  path: Assets/Prefabs/Teleporter.prefab
  artifactKey: Guid(d3ef94c99a89c0a44a9416f85735167e) Importer(815301076,1909f56bfc062723c751e8b465ee728b)
Start importing Assets/Prefabs/Teleporter.prefab using Guid(d3ef94c99a89c0a44a9416f85735167e) Importer(815301076,1909f56bfc062723c751e8b465ee728b)  -> (artifact id: '986679c5ddac4924583f269bbbb5e8fa') in 0.011648 seconds 
========================================================================
Received Import Request.
  Time since last request: 14.579617 seconds.
  path: Assets/Prefabs/Teleporter.prefab
  artifactKey: Guid(d3ef94c99a89c0a44a9416f85735167e) Importer(815301076,1909f56bfc062723c751e8b465ee728b)
Start importing Assets/Prefabs/Teleporter.prefab using Guid(d3ef94c99a89c0a44a9416f85735167e) Importer(815301076,1909f56bfc062723c751e8b465ee728b)  -> (artifact id: '116a4b3d36bce165103dbc7be60613b9') in 0.011895 seconds 
========================================================================
Received Import Request.
  Time since last request: 6.139316 seconds.
  path: Assets/Prefabs/Teleporter.prefab
  artifactKey: Guid(d3ef94c99a89c0a44a9416f85735167e) Importer(815301076,1909f56bfc062723c751e8b465ee728b)
Start importing Assets/Prefabs/Teleporter.prefab using Guid(d3ef94c99a89c0a44a9416f85735167e) Importer(815301076,1909f56bfc062723c751e8b465ee728b)  -> (artifact id: '69faabe88365d9f5be14bdf9f0c4f5aa') in 0.013840 seconds 
========================================================================
Received Import Request.
  Time since last request: 13.140370 seconds.
  path: Assets/Prefabs/Teleporter.prefab
  artifactKey: Guid(d3ef94c99a89c0a44a9416f85735167e) Importer(815301076,1909f56bfc062723c751e8b465ee728b)
Start importing Assets/Prefabs/Teleporter.prefab using Guid(d3ef94c99a89c0a44a9416f85735167e) Importer(815301076,1909f56bfc062723c751e8b465ee728b)  -> (artifact id: 'e736ce6543e6f432af93ea26ce1646f2') in 0.010378 seconds 
========================================================================
Received Import Request.
  Time since last request: 14.985138 seconds.
  path: Assets/Prefabs/Teleporter.prefab
  artifactKey: Guid(d3ef94c99a89c0a44a9416f85735167e) Importer(815301076,1909f56bfc062723c751e8b465ee728b)
Start importing Assets/Prefabs/Teleporter.prefab using Guid(d3ef94c99a89c0a44a9416f85735167e) Importer(815301076,1909f56bfc062723c751e8b465ee728b)  -> (artifact id: '418887d63eede63398b4398cf3b09078') in 0.010641 seconds 
========================================================================
Received Import Request.
  Time since last request: 1.204383 seconds.
  path: Assets/Prefabs/Teleporter.prefab
  artifactKey: Guid(d3ef94c99a89c0a44a9416f85735167e) Importer(815301076,1909f56bfc062723c751e8b465ee728b)
Start importing Assets/Prefabs/Teleporter.prefab using Guid(d3ef94c99a89c0a44a9416f85735167e) Importer(815301076,1909f56bfc062723c751e8b465ee728b)  -> (artifact id: '21f0df0895890990f1e7366c7e589409') in 0.011055 seconds 
========================================================================
Received Import Request.
  Time since last request: 2.839862 seconds.
  path: Assets/Prefabs/Teleporter.prefab
  artifactKey: Guid(d3ef94c99a89c0a44a9416f85735167e) Importer(815301076,1909f56bfc062723c751e8b465ee728b)
Start importing Assets/Prefabs/Teleporter.prefab using Guid(d3ef94c99a89c0a44a9416f85735167e) Importer(815301076,1909f56bfc062723c751e8b465ee728b)  -> (artifact id: '8e8dd16a2d59c8f6ac2e5f6d01a70120') in 0.012049 seconds 
========================================================================
Received Import Request.
  Time since last request: 1.220763 seconds.
  path: Assets/Prefabs/Teleporter.prefab
  artifactKey: Guid(d3ef94c99a89c0a44a9416f85735167e) Importer(815301076,1909f56bfc062723c751e8b465ee728b)
Start importing Assets/Prefabs/Teleporter.prefab using Guid(d3ef94c99a89c0a44a9416f85735167e) Importer(815301076,1909f56bfc062723c751e8b465ee728b)  -> (artifact id: '112595c1959122725074c5340aaaeca9') in 0.010172 seconds 
========================================================================
Received Import Request.
  Time since last request: 2.636695 seconds.
  path: Assets/Prefabs/Teleporter.prefab
  artifactKey: Guid(d3ef94c99a89c0a44a9416f85735167e) Importer(815301076,1909f56bfc062723c751e8b465ee728b)
Start importing Assets/Prefabs/Teleporter.prefab using Guid(d3ef94c99a89c0a44a9416f85735167e) Importer(815301076,1909f56bfc062723c751e8b465ee728b)  -> (artifact id: 'b84b712270461ecc6c9b9e659267c499') in 0.010419 seconds 
========================================================================
Received Import Request.
  Time since last request: 3.905798 seconds.
  path: Assets/Prefabs/Teleporter.prefab
  artifactKey: Guid(d3ef94c99a89c0a44a9416f85735167e) Importer(815301076,1909f56bfc062723c751e8b465ee728b)
Start importing Assets/Prefabs/Teleporter.prefab using Guid(d3ef94c99a89c0a44a9416f85735167e) Importer(815301076,1909f56bfc062723c751e8b465ee728b)  -> (artifact id: '5dfafe4a0475baa83c37a578346fa151') in 0.010407 seconds 
========================================================================
Received Import Request.
  Time since last request: 6.814597 seconds.
  path: Assets/Prefabs/Teleporter.prefab
  artifactKey: Guid(d3ef94c99a89c0a44a9416f85735167e) Importer(815301076,1909f56bfc062723c751e8b465ee728b)
Start importing Assets/Prefabs/Teleporter.prefab using Guid(d3ef94c99a89c0a44a9416f85735167e) Importer(815301076,1909f56bfc062723c751e8b465ee728b)  -> (artifact id: '05856624faa6e5a47f473bad3ae21009') in 0.011737 seconds 
========================================================================
Received Import Request.
  Time since last request: 4.442820 seconds.
  path: Assets/Prefabs/Teleporter.prefab
  artifactKey: Guid(d3ef94c99a89c0a44a9416f85735167e) Importer(815301076,1909f56bfc062723c751e8b465ee728b)
Start importing Assets/Prefabs/Teleporter.prefab using Guid(d3ef94c99a89c0a44a9416f85735167e) Importer(815301076,1909f56bfc062723c751e8b465ee728b)  -> (artifact id: 'e809417133b8223e227012d8f0a0f25e') in 0.011964 seconds 
========================================================================
Received Import Request.
  Time since last request: 2.839369 seconds.
  path: Assets/Prefabs/Teleporter.prefab
  artifactKey: Guid(d3ef94c99a89c0a44a9416f85735167e) Importer(815301076,1909f56bfc062723c751e8b465ee728b)
Start importing Assets/Prefabs/Teleporter.prefab using Guid(d3ef94c99a89c0a44a9416f85735167e) Importer(815301076,1909f56bfc062723c751e8b465ee728b)  -> (artifact id: '7dc413e23730de8a03b406949e5b4dec') in 0.012072 seconds 
========================================================================
Received Import Request.
  Time since last request: 1.202128 seconds.
  path: Assets/Prefabs/Teleporter.prefab
  artifactKey: Guid(d3ef94c99a89c0a44a9416f85735167e) Importer(815301076,1909f56bfc062723c751e8b465ee728b)
Start importing Assets/Prefabs/Teleporter.prefab using Guid(d3ef94c99a89c0a44a9416f85735167e) Importer(815301076,1909f56bfc062723c751e8b465ee728b)  -> (artifact id: 'bb606bc0d54f43a342f0e45aa81bd113') in 0.010226 seconds 
========================================================================
Received Import Request.
  Time since last request: 1.608880 seconds.
  path: Assets/Prefabs/Teleporter.prefab
  artifactKey: Guid(d3ef94c99a89c0a44a9416f85735167e) Importer(815301076,1909f56bfc062723c751e8b465ee728b)
Start importing Assets/Prefabs/Teleporter.prefab using Guid(d3ef94c99a89c0a44a9416f85735167e) Importer(815301076,1909f56bfc062723c751e8b465ee728b)  -> (artifact id: '72977a42fce3f142fc2de383dfb6463c') in 0.011583 seconds 
========================================================================
Received Import Request.
  Time since last request: 17.080373 seconds.
  path: Assets/Prefabs/Teleporter.prefab
  artifactKey: Guid(d3ef94c99a89c0a44a9416f85735167e) Importer(815301076,1909f56bfc062723c751e8b465ee728b)
Start importing Assets/Prefabs/Teleporter.prefab using Guid(d3ef94c99a89c0a44a9416f85735167e) Importer(815301076,1909f56bfc062723c751e8b465ee728b)  -> (artifact id: 'a9553d53774a150deeebf2bf4798b984') in 0.010453 seconds 
========================================================================
Received Import Request.
  Time since last request: 6.669749 seconds.
  path: Assets/Prefabs/Teleporter.prefab
  artifactKey: Guid(d3ef94c99a89c0a44a9416f85735167e) Importer(815301076,1909f56bfc062723c751e8b465ee728b)
Start importing Assets/Prefabs/Teleporter.prefab using Guid(d3ef94c99a89c0a44a9416f85735167e) Importer(815301076,1909f56bfc062723c751e8b465ee728b)  -> (artifact id: '3519bac245c13cb304d650da84bca739') in 0.012259 seconds 
========================================================================
Received Prepare
Registering precompiled user dll's ...
Registered in 0.008045 seconds.
Begin MonoManager ReloadAssembly
Symbol file LoadedFromMemory doesn't match image C:\Users\b019105l\Documents\GitHub\TryNotToDieInTheMaze\TryNotToDieInTheMaze\Library\PackageCache\com.unity.visualscripting@1.7.8\Editor\VisualScripting.Core\Dependencies\YamlDotNet\Unity.VisualScripting.YamlDotNet.dll
Symbol file LoadedFromMemory doesn't match image C:\Users\b019105l\Documents\GitHub\TryNotToDieInTheMaze\TryNotToDieInTheMaze\Library\PackageCache\com.unity.visualscripting@1.7.8\Editor\VisualScripting.Core\Dependencies\DotNetZip\Unity.VisualScripting.IonicZip.dll
Native extension for WindowsStandalone target not found
Native extension for Android target not found
Native extension for WebGL target not found
Refreshing native plugins compatible for Editor in 0.72 ms, found 3 plugins.
Preloading 0 native plugins for Editor in 0.00 ms.
Mono: successfully reloaded assembly
- Completed reload, in  0.943 seconds
Domain Reload Profiling:
	ReloadAssembly (944ms)
		BeginReloadAssembly (110ms)
			ExecutionOrderSort (0ms)
			DisableScriptedObjects (6ms)
			BackupInstance (0ms)
			ReleaseScriptingObjects (0ms)
			CreateAndSetChildDomain (35ms)
		EndReloadAssembly (750ms)
			LoadAssemblies (67ms)
			RebuildTransferFunctionScriptingTraits (0ms)
			SetupTypeCache (215ms)
				TypeCache.Initialize (204ms)
					TypeCache.ScanAssembly (200ms)
				ResolveRequiredComponents (10ms)
			ReleaseScriptCaches (2ms)
			RebuildScriptCaches (39ms)
			SetupLoadedEditorAssemblies (352ms)
				LogAssemblyErrors (0ms)
				InitializePlatformSupportModulesInManaged (19ms)
				SetLoadedEditorAssemblies (5ms)
				RefreshPlugins (1ms)
				BeforeProcessingInitializeOnLoad (66ms)
				ProcessInitializeOnLoadAttributes (187ms)
				ProcessInitializeOnLoadMethodAttributes (67ms)
				AfterProcessingInitializeOnLoad (6ms)
				EditorAssembliesLoaded (0ms)
			ExecutionOrderSort2 (0ms)
			AwakeInstancesAfterBackupRestoration (19ms)
Platform modules already initialized, skipping
Refreshing native plugins compatible for Editor in 2.00 ms, found 3 plugins.
Preloading 0 native plugins for Editor in 0.00 ms.
Unloading 4946 Unused Serialized files (Serialized files now loaded: 0)
Unloading 24 unused Assets / (309.9 KB). Loaded Objects now: 5654.
Memory consumption went from 0.77 GB to 0.77 GB.
Total: 2.858500 ms (FindLiveObjects: 0.304700 ms CreateObjectMapping: 0.202200 ms MarkObjects: 2.288500 ms  DeleteObjects: 0.061900 ms)

AssetImportParameters requested are different than current active one (requested -> active):
  custom:video-decoder-ogg-theora: a1e56fd34408186e4bbccfd4996cb3dc -> 
  custom:container-muxer-webm: aa71ff27fc2769a1b78a27578f13a17b -> 
  custom:container-demuxer-webm: 4f35f7cbe854078d1ac9338744f61a02 -> 
  custom:video-encoder-webm-vp8: eb34c28f22e8b96e1ab97ce403110664 -> 
  custom:audio-encoder-webm-vorbis: bf7c407c2cedff20999df2af8eb42d56 -> 
  custom:framework-win-MediaFoundation: 216162199b28c13a410421893ffa2e32 -> 
  custom:container-demuxer-ogg: 62fdf1f143b41e24485cea50d1cbac27 -> 
  custom:video-decoder-webm-vp8: 9c59270c3fd7afecdb556c50c9e8de78 -> 
  custom:audio-decoder-ogg-vorbis: bf7c407c2cedff20999df2af8eb42d56 -> 
========================================================================
Received Import Request.
  Time since last request: 52.632207 seconds.
  path: Assets/Prefabs/Teleporter.prefab
  artifactKey: Guid(d3ef94c99a89c0a44a9416f85735167e) Importer(815301076,1909f56bfc062723c751e8b465ee728b)
Start importing Assets/Prefabs/Teleporter.prefab using Guid(d3ef94c99a89c0a44a9416f85735167e) Importer(815301076,1909f56bfc062723c751e8b465ee728b)  -> (artifact id: '391885be2a1394d10214f28c87440c87') in 0.164718 seconds 
========================================================================
Received Import Request.
  Time since last request: 4.519384 seconds.
  path: Assets/Prefabs/Teleporter.prefab
  artifactKey: Guid(d3ef94c99a89c0a44a9416f85735167e) Importer(815301076,1909f56bfc062723c751e8b465ee728b)
Start importing Assets/Prefabs/Teleporter.prefab using Guid(d3ef94c99a89c0a44a9416f85735167e) Importer(815301076,1909f56bfc062723c751e8b465ee728b)  -> (artifact id: '754883fdf32ffe7670323b5863d780ba') in 0.013440 seconds 
========================================================================
Received Import Request.
  Time since last request: 3.475700 seconds.
  path: Assets/Prefabs/Teleporter.prefab
  artifactKey: Guid(d3ef94c99a89c0a44a9416f85735167e) Importer(815301076,1909f56bfc062723c751e8b465ee728b)
Start importing Assets/Prefabs/Teleporter.prefab using Guid(d3ef94c99a89c0a44a9416f85735167e) Importer(815301076,1909f56bfc062723c751e8b465ee728b)  -> (artifact id: '516ff676525a07700e18ed8ac8606c12') in 0.011122 seconds 
========================================================================
Received Import Request.
  Time since last request: 20.249500 seconds.
  path: Assets/Prefabs/Teleporter.prefab
  artifactKey: Guid(d3ef94c99a89c0a44a9416f85735167e) Importer(815301076,1909f56bfc062723c751e8b465ee728b)
Start importing Assets/Prefabs/Teleporter.prefab using Guid(d3ef94c99a89c0a44a9416f85735167e) Importer(815301076,1909f56bfc062723c751e8b465ee728b)  -> (artifact id: '690d3e3af38657501efda8571e945c43') in 0.013383 seconds 
========================================================================
Received Import Request.
  Time since last request: 2.805311 seconds.
  path: Assets/Prefabs/Teleporter.prefab
  artifactKey: Guid(d3ef94c99a89c0a44a9416f85735167e) Importer(815301076,1909f56bfc062723c751e8b465ee728b)
Start importing Assets/Prefabs/Teleporter.prefab using Guid(d3ef94c99a89c0a44a9416f85735167e) Importer(815301076,1909f56bfc062723c751e8b465ee728b)  -> (artifact id: 'a7982fe21a4225022b145c1794180a38') in 0.011004 seconds 
========================================================================
Received Import Request.
  Time since last request: 3.010458 seconds.
  path: Assets/Prefabs/Teleporter.prefab
  artifactKey: Guid(d3ef94c99a89c0a44a9416f85735167e) Importer(815301076,1909f56bfc062723c751e8b465ee728b)
Start importing Assets/Prefabs/Teleporter.prefab using Guid(d3ef94c99a89c0a44a9416f85735167e) Importer(815301076,1909f56bfc062723c751e8b465ee728b)  -> (artifact id: '89d88f1c85a6359af071500d37c683c4') in 0.012402 seconds 
========================================================================
Received Import Request.
  Time since last request: 72.643129 seconds.
  path: Assets/Prefabs/New Material.mat
  artifactKey: Guid(8266dc3c15a3d4a48959670d53de32a7) Importer(815301076,1909f56bfc062723c751e8b465ee728b)
Start importing Assets/Prefabs/New Material.mat using Guid(8266dc3c15a3d4a48959670d53de32a7) Importer(815301076,1909f56bfc062723c751e8b465ee728b)  -> (artifact id: '915021b905a847cf229c6948a0d995c3') in 0.031540 seconds 
========================================================================
Received Import Request.
  Time since last request: 43.815968 seconds.
  path: Assets/Prefabs/Teleporter.prefab
  artifactKey: Guid(d3ef94c99a89c0a44a9416f85735167e) Importer(815301076,1909f56bfc062723c751e8b465ee728b)
Start importing Assets/Prefabs/Teleporter.prefab using Guid(d3ef94c99a89c0a44a9416f85735167e) Importer(815301076,1909f56bfc062723c751e8b465ee728b)  -> (artifact id: 'b17c79b42d74cf03e7a2c25d42161f7b') in 0.012688 seconds 
========================================================================
Received Import Request.
  Time since last request: 139.948464 seconds.
  path: Assets/Prefabs/Teleporter.prefab
  artifactKey: Guid(d3ef94c99a89c0a44a9416f85735167e) Importer(815301076,1909f56bfc062723c751e8b465ee728b)
Start importing Assets/Prefabs/Teleporter.prefab using Guid(d3ef94c99a89c0a44a9416f85735167e) Importer(815301076,1909f56bfc062723c751e8b465ee728b)  -> (artifact id: '9ff05148df0bb1b804627243f427e84f') in 0.015447 seconds 
========================================================================
Received Import Request.
  Time since last request: 19.810846 seconds.
  path: Assets/Prefabs/Teleporter.prefab
  artifactKey: Guid(d3ef94c99a89c0a44a9416f85735167e) Importer(815301076,1909f56bfc062723c751e8b465ee728b)
Start importing Assets/Prefabs/Teleporter.prefab using Guid(d3ef94c99a89c0a44a9416f85735167e) Importer(815301076,1909f56bfc062723c751e8b465ee728b)  -> (artifact id: 'f7dcc57e79d77533b3e34ce90792748c') in 0.013720 seconds 
========================================================================
Received Import Request.
  Time since last request: 47.294884 seconds.
  path: Assets/Prefabs/Teleporter.prefab
  artifactKey: Guid(d3ef94c99a89c0a44a9416f85735167e) Importer(815301076,1909f56bfc062723c751e8b465ee728b)
Start importing Assets/Prefabs/Teleporter.prefab using Guid(d3ef94c99a89c0a44a9416f85735167e) Importer(815301076,1909f56bfc062723c751e8b465ee728b)  -> (artifact id: '99012830c39cafb0d967e260abd34bf1') in 0.011114 seconds 
========================================================================
Received Import Request.
  Time since last request: 3.515770 seconds.
  path: Assets/Prefabs/Teleporter.prefab
  artifactKey: Guid(d3ef94c99a89c0a44a9416f85735167e) Importer(815301076,1909f56bfc062723c751e8b465ee728b)
Start importing Assets/Prefabs/Teleporter.prefab using Guid(d3ef94c99a89c0a44a9416f85735167e) Importer(815301076,1909f56bfc062723c751e8b465ee728b)  -> (artifact id: '3b188661d5225bfbf758e4bcf07e456a') in 0.010922 seconds 
========================================================================
Received Import Request.
  Time since last request: 2.397835 seconds.
  path: Assets/Prefabs/Teleporter.prefab
  artifactKey: Guid(d3ef94c99a89c0a44a9416f85735167e) Importer(815301076,1909f56bfc062723c751e8b465ee728b)
Start importing Assets/Prefabs/Teleporter.prefab using Guid(d3ef94c99a89c0a44a9416f85735167e) Importer(815301076,1909f56bfc062723c751e8b465ee728b)  -> (artifact id: 'c3a9aaea33d37c054947d9c526d05842') in 0.010367 seconds 
========================================================================
Received Import Request.
  Time since last request: 22.747667 seconds.
  path: Packages/com.unity.render-pipelines.universal/Runtime/Materials/Decal.mat
  artifactKey: Guid(31d0dcc6f2dd4e4408d18036a2c93862) Importer(815301076,1909f56bfc062723c751e8b465ee728b)
Start importing Packages/com.unity.render-pipelines.universal/Runtime/Materials/Decal.mat using Guid(31d0dcc6f2dd4e4408d18036a2c93862) Importer(815301076,1909f56bfc062723c751e8b465ee728b)  -> (artifact id: '9866219165949bc685fe1f5fdee2989d') in 0.023315 seconds 
========================================================================
Received Import Request.
  Time since last request: 0.000039 seconds.
  path: Packages/com.unity.render-pipelines.universal/Runtime/Materials/SpatialMappingOcclusion.mat
  artifactKey: Guid(b51db210fe78df745a372851b3db949e) Importer(815301076,1909f56bfc062723c751e8b465ee728b)
Start importing Packages/com.unity.render-pipelines.universal/Runtime/Materials/SpatialMappingOcclusion.mat using Guid(b51db210fe78df745a372851b3db949e) Importer(815301076,1909f56bfc062723c751e8b465ee728b)  -> (artifact id: '3c8bad40db3c58ca549a8ad035b6d7f9') in 0.018055 seconds 
========================================================================
Received Import Request.
  Time since last request: 0.000026 seconds.
  path: Packages/com.unity.render-pipelines.universal/Runtime/Materials/TerrainLit.mat
  artifactKey: Guid(594ea882c5a793440b60ff72d896021e) Importer(815301076,1909f56bfc062723c751e8b465ee728b)
Start importing Packages/com.unity.render-pipelines.universal/Runtime/Materials/TerrainLit.mat using Guid(594ea882c5a793440b60ff72d896021e) Importer(815301076,1909f56bfc062723c751e8b465ee728b)  -> (artifact id: 'b142c2ec3a5c97a47e55288b4834b8c2') in 1.744013 seconds 
========================================================================
Received Import Request.
  Time since last request: 0.000037 seconds.
  path: Packages/com.unity.render-pipelines.universal/Runtime/Materials/SpriteMask-Default.mat
  artifactKey: Guid(15d0c3709176029428a0da2f8cecf0b5) Importer(815301076,1909f56bfc062723c751e8b465ee728b)
Start importing Packages/com.unity.render-pipelines.universal/Runtime/Materials/SpriteMask-Default.mat using Guid(15d0c3709176029428a0da2f8cecf0b5) Importer(815301076,1909f56bfc062723c751e8b465ee728b)  -> (artifact id: 'd1d2e6f385fb908aadfffd22ff35f54e') in 0.012115 seconds 
========================================================================
Received Import Request.
  Time since last request: 0.000033 seconds.
  path: Packages/com.unity.render-pipelines.universal/Runtime/Materials/SpatialMappingWireframe.mat
  artifactKey: Guid(9875a245ac49007498213638a307faa1) Importer(815301076,1909f56bfc062723c751e8b465ee728b)
Start importing Packages/com.unity.render-pipelines.universal/Runtime/Materials/SpatialMappingWireframe.mat using Guid(9875a245ac49007498213638a307faa1) Importer(815301076,1909f56bfc062723c751e8b465ee728b)  -> (artifact id: '8ed9d0cd968bdcb3974c93ee105ab78b') in 0.012448 seconds 
========================================================================
Received Import Request.
  Time since last request: 0.000025 seconds.
  path: Packages/com.unity.render-pipelines.universal/Runtime/Materials/Sprite-Lit-Default.mat
  artifactKey: Guid(a97c105638bdf8b4a8650670310a4cd3) Importer(815301076,1909f56bfc062723c751e8b465ee728b)
Start importing Packages/com.unity.render-pipelines.universal/Runtime/Materials/Sprite-Lit-Default.mat using Guid(a97c105638bdf8b4a8650670310a4cd3) Importer(815301076,1909f56bfc062723c751e8b465ee728b)  -> (artifact id: 'f9c78c1837500dbc1507cd5aa06cba2d') in 0.012730 seconds 
========================================================================
Received Import Request.
  Time since last request: 13.016582 seconds.
  path: Assets/Materials/EnemyAI1Material.mat
  artifactKey: Guid(6112fbf25d5f9444b86ecec89c37bb6e) Importer(815301076,1909f56bfc062723c751e8b465ee728b)
Start importing Assets/Materials/EnemyAI1Material.mat using Guid(6112fbf25d5f9444b86ecec89c37bb6e) Importer(815301076,1909f56bfc062723c751e8b465ee728b)  -> (artifact id: '3423b6b21f982365c2e4bd9c1228f7bd') in 0.017328 seconds 
========================================================================
Received Import Request.
  Time since last request: 0.000028 seconds.
  path: Assets/Materials/ScoreMaterial.mat
  artifactKey: Guid(33a7db1276d4baa4381b46c4537026ce) Importer(815301076,1909f56bfc062723c751e8b465ee728b)
Start importing Assets/Materials/ScoreMaterial.mat using Guid(33a7db1276d4baa4381b46c4537026ce) Importer(815301076,1909f56bfc062723c751e8b465ee728b)  -> (artifact id: 'e5806ed4a1d52da1558f72d58b6b9b12') in 0.024310 seconds 
Editor requested this worker to shutdown with reason: Scaling down because of idle timeout
AssetImportWorker is now disconnected from the server
Process exiting
Exiting without the bug reporter. Application will terminate with return code 0